<?xml version="1.0" encoding="UTF-8"?>
<!-- Generated by org.testng.reporters.JUnitReportReporter -->
<testsuite hostname="DESKTOP-KJFDSP7" failures="0" tests="2" name="TestCase.Testcase_Two_SoftAssert" time="121.505" errors="0" timestamp="2023-07-24T09:49:36 IST" skipped="0">
  <testcase classname="TestCase.Testcase_Two_SoftAssert" name="submiting_data" time="65.495"/>
  <system-out/>
  <testcase classname="TestCase.Testcase_Two_SoftAssert" name="candidate_Registration_soft_assert" time="56.010"/>
  <system-out/>
</testsuite> <!-- TestCase.Testcase_Two_SoftAssert -->
