<?xml version="1.0" encoding="UTF-8"?>
<!-- Generated by org.testng.reporters.JUnitReportReporter -->
<testsuite hostname="DESKTOP-KJFDSP7" failures="0" tests="1" name="TestCase.Testcase_Three_SoftAssert" time="46.365" errors="0" timestamp="2023-07-24T02:09:58 IST" skipped="0">
  <testcase classname="TestCase.Testcase_Three_SoftAssert" name="candidate_Registration" time="46.365"/>
  <system-out/>
</testsuite> <!-- TestCase.Testcase_Three_SoftAssert -->
