<?xml version="1.0" encoding="UTF-8"?>
<!-- Generated by org.testng.reporters.JUnitReportReporter -->
<testsuite hostname="DESKTOP-KJFDSP7" failures="0" tests="2" name="TestCase.Testcase_six_email_trigger" time="72.852" errors="0" timestamp="2023-07-24T10:19:42 IST" skipped="0">
  <testcase classname="TestCase.Testcase_six_email_trigger" name="email_trigger" time="6.910"/>
  <system-out/>
  <testcase classname="TestCase.Testcase_six_email_trigger" name="submiting_data" time="65.942"/>
  <system-out/>
</testsuite> <!-- TestCase.Testcase_six_email_trigger -->
