<?xml version="1.0" encoding="UTF-8"?>
<!-- Generated by org.testng.reporters.JUnitReportReporter -->
<testsuite hostname="DESKTOP-KJFDSP7" failures="0" tests="1" name="TestCase.Testcase_forth" time="56.660" errors="0" timestamp="2023-07-10T19:13:43 IST" skipped="0">
  <testcase classname="TestCase.Testcase_forth" name="candidate_Registration" time="56.660"/>
  <system-out/>
</testsuite> <!-- TestCase.Testcase_forth -->
