<?xml version="1.0" encoding="UTF-8"?>
<!-- Generated by org.testng.reporters.JUnitReportReporter -->
<testsuite hostname="DESKTOP-KJFDSP7" failures="0" tests="1" name="TestCase.Testcase_second" time="56.567" errors="0" timestamp="2023-07-06T23:51:34 IST" skipped="0">
  <testcase classname="TestCase.Testcase_second" name="titleTest" time="56.567"/>
  <system-out/>
</testsuite> <!-- TestCase.Testcase_second -->
