<?xml version="1.0" encoding="UTF-8"?>
<!-- Generated by org.testng.reporters.JUnitReportReporter -->
<testsuite hostname="DESKTOP-KJFDSP7" failures="0" tests="1" name="TestCase.Testcase_Four_Submit_Data" time="59.483" errors="0" timestamp="2023-07-24T09:49:36 IST" skipped="0">
  <testcase classname="TestCase.Testcase_Four_Submit_Data" name="datanase_connectivity" time="59.483"/>
  <system-out/>
</testsuite> <!-- TestCase.Testcase_Four_Submit_Data -->
