<?xml version="1.0" encoding="UTF-8"?>
<!-- Generated by org.testng.reporters.JUnitReportReporter -->
<testsuite hostname="DESKTOP-KJFDSP7" failures="0" tests="1" name="TestCase.Testcase_Five" time="2.657" errors="0" timestamp="2023-07-07T04:31:46 IST" skipped="0">
  <testcase classname="TestCase.Testcase_Five" name="datanase_connectivity" time="2.657"/>
  <system-out/>
</testsuite> <!-- TestCase.Testcase_Five -->
