<?xml version="1.0" encoding="UTF-8"?>
<!-- Generated by org.testng.reporters.JUnitReportReporter -->
<testsuite hostname="DESKTOP-KJFDSP7" failures="0" tests="1" name="TestCase.TestCase_Two" time="48.629" errors="0" timestamp="2023-07-10T19:25:39 IST" skipped="0">
  <testcase classname="TestCase.TestCase_Two" name="candidate_Registration" time="48.629"/>
  <system-out/>
</testsuite> <!-- TestCase.TestCase_Two -->
