<?xml version="1.0" encoding="UTF-8"?>
<!-- Generated by org.testng.reporters.JUnitReportReporter -->
<testsuite hostname="DESKTOP-KJFDSP7" failures="0" tests="1" name="TestCase.TestCase_five_submitdata_DB" time="56.411" errors="0" timestamp="2023-07-24T09:49:36 IST" skipped="0">
  <testcase classname="TestCase.TestCase_five_submitdata_DB" name="submiting_data" time="56.411"/>
  <system-out/>
</testsuite> <!-- TestCase.TestCase_five_submitdata_DB -->
