<?xml version="1.0" encoding="UTF-8"?>
<!-- Generated by org.testng.reporters.JUnitReportReporter -->
<testsuite hostname="DESKTOP-KJFDSP7" failures="0" tests="1" name="TestCase.TestCase_four_submitdata" time="44.963" errors="0" timestamp="2023-07-24T02:03:28 IST" skipped="0">
  <testcase classname="TestCase.TestCase_four_submitdata" name="submiting_data" time="44.963"/>
  <system-out/>
</testsuite> <!-- TestCase.TestCase_four_submitdata -->
